0	1	mikroCdsPIC.exe -MSF -DBG -pP33EP512MU810 -GC -DL -SSA -O11111114 -fo140 -N"C:\Users\tic27\Desktop\DC_tim708backuplazer\NewDesignFT800\NewDesignFT800\NewDesign_Code\mikroC PRO for DSPIC\smp.mcpds" -SP"C:\Users\Public\Documents\Mikroelektronika\mikroC PRO for dsPIC\defs\" -SP"C:\Users\Public\Documents\Mikroelektronika\mikroC PRO for dsPIC\uses\" -SP"C:\Users\tic27\Desktop\DC_tim708backuplazer\NewDesignFT800\NewDesignFT800\NewDesign_Code\mikroC PRO for DSPIC\" -SP"C:\Users\tic27\Desktop\DC_tim626\NewDesignFT800\NewDesignFT800\NewDesign_Code\mikroC PRO for DSPIC\" -SP"C:\Users\tic27\Desktop\DC_tim624\NewDesignFT800\NewDesignFT800\NewDesign_Code\mikroC PRO for DSPIC\" -SP"C:\Users\tic27\Desktop\DC_tim618\NewDesignFT800\NewDesignFT800\NewDesign_Code\mikroC PRO for DSPIC\" -SP"C:\Users\tic27\Desktop\DC_tim613\NewDesignFT800\NewDesignFT800\NewDesign_Code\mikroC PRO for DSPIC\" -SP"C:\Users\tic27\Desktop\DC_tim612\NewDesignFT800\NewDesignFT800\NewDesign_Code\mikroC PRO for DSPIC\" -SP"C:\Users\Public\Documents\Mikroelektronika\Visual TFT\DC_tim603\NewDesignFT800\NewDesignFT800\NewDesign_Code\mikroC PRO for DSPIC\" -SP"C:\Users\tic27\Desktop\DC_tim603\NewDesignFT800\NewDesignFT800\NewDesign_Code\mikroC PRO for DSPIC\" -SP"C:\Users\tic27\Desktop\DC_tim520\NewDesignFT800\NewDesignFT800\NewDesign_Code\mikroC PRO for DSPIC\" -SP"C:\Users\ipm4\Desktop\PathMeT_code\2014_ian\0429_tim\NewDesignFT800\NewDesignFT800\NewDesign_Code\mikroC PRO for DSPIC\" -SP"C:\Users\ipm4\Desktop\PathMeT_code\2014_ian\0424\NewDesignFT800\NewDesignFT800\NewDesign_Code\mikroC PRO for DSPIC\" -SP"C:\Users\ipm4\Desktop\PathMeT_code\2014_ian\0415\NewDesignFT800\NewDesignFT800\NewDesign_Code\mikroC PRO for DSPIC\" -SP"C:\Users\ipm4\Desktop\PathMeT_code\2014_ian\0407\NewDesignFT800\NewDesignFT800\NewDesign_Code\mikroC PRO for DSPIC\" -SP"C:\Users\ipm4\Desktop\PathMeT_code\2014_ian\0127\NewDesignFT800\NewDesignFT800\NewDesign_Code\mikroC PRO for DSPIC\" -SP"C:\Users\ipm4\Desktop\latest_code_01062014\2014_ian\0122\NewDesignFT800\NewDesignFT800\NewDesign_Code\mikroC PRO for DSPIC\" -SP"C:\Users\ipm4\Desktop\latest_code_01062014\0121\NewDesignFT800\NewDesignFT800\NewDesign_Code\mikroC PRO for DSPIC\" -SP"C:\Users\ipm4\Desktop\latest_code_01062014\0117\NewDesignFT800\NewDesignFT800\NewDesign_Code\mikroC PRO for DSPIC\" -SP"C:\Users\ipm4\Desktop\latest_code_01062014\1210\NewDesignFT800\NewDesignFT800\NewDesign_Code\mikroC PRO for DSPIC\" -SP"C:\Users\Public\Documents\Mikroelektronika\Visual TFT\Projects\NewDesignFT800\NewDesign_Code\mikroC PRO for DSPIC\" -SP"C:\Users\Public\Documents\Mikroelektronika\mikroC PRO for dsPIC\Packages\USB_Host_dsPIC\Uses\" -SP"C:\Users\Public\Documents\Mikroelektronika\mikroC PRO for dsPIC\Packages\USB_Device_dsPIC\Uses\" -SP"C:\Users\Public\Documents\Mikroelektronika\mikroC PRO for dsPIC\Packages\FT800\Uses\" -SP"C:\Users\Public\Documents\Mikroelektronika\mikroC PRO for dsPIC\Packages\FAT32 Library\Uses\" -IP"C:\Users\Public\Documents\Mikroelektronika\Visual TFT\Projects\NewDesignFT800\NewDesign_Code\mikroC PRO for DSPIC\" -IP"C:\Users\ipm4\Desktop\latest_code_01062014\1210\NewDesignFT800\NewDesignFT800\NewDesign_Code\mikroC PRO for DSPIC\" -IP"C:\Users\ipm4\Desktop\latest_code_01062014\0117\NewDesignFT800\NewDesignFT800\NewDesign_Code\mikroC PRO for DSPIC\" -IP"C:\Users\ipm4\Desktop\latest_code_01062014\0121\NewDesignFT800\NewDesignFT800\NewDesign_Code\mikroC PRO for DSPIC\" -IP"C:\Users\ipm4\Desktop\latest_code_01062014\2014_ian\0122\NewDesignFT800\NewDesignFT800\NewDesign_Code\mikroC PRO for DSPIC\" -IP"C:\Users\ipm4\Desktop\PathMeT_code\2014_ian\0127\NewDesignFT800\NewDesignFT800\NewDesign_Code\mikroC PRO for DSPIC\" -IP"C:\Users\ipm4\Desktop\PathMeT_code\2014_ian\0407\NewDesignFT800\NewDesignFT800\NewDesign_Code\mikroC PRO for DSPIC\" -IP"C:\Users\ipm4\Desktop\PathMeT_code\2014_ian\0415\NewDesignFT800\NewDesignFT800\NewDesign_Code\mikroC PRO for DSPIC\" -IP"C:\Users\ipm4\Desktop\PathMeT_code\2014_ian\0424\NewDesignFT800\NewDesignFT800\NewDesign_Code\mikroC PRO for DSPIC\" -IP"C:\Users\ipm4\Desktop\PathMeT_code\2014_ian\0429_tim\NewDesignFT800\NewDesignFT800\NewDesign_Code\mikroC PRO for DSPIC\" -IP"C:\Users\tic27\Desktop\DC_tim520\NewDesignFT800\NewDesignFT800\NewDesign_Code\mikroC PRO for DSPIC\" -IP"C:\Users\tic27\Desktop\DC_tim603\NewDesignFT800\NewDesignFT800\NewDesign_Code\mikroC PRO for DSPIC\" -IP"C:\Users\Public\Documents\Mikroelektronika\Visual TFT\DC_tim603\NewDesignFT800\NewDesignFT800\NewDesign_Code\mikroC PRO for DSPIC\" -IP"C:\Users\tic27\Desktop\DC_tim612\NewDesignFT800\NewDesignFT800\NewDesign_Code\mikroC PRO for DSPIC\" -IP"C:\Users\tic27\Desktop\DC_tim613\NewDesignFT800\NewDesignFT800\NewDesign_Code\mikroC PRO for DSPIC\" -IP"C:\Users\tic27\Desktop\DC_tim618\NewDesignFT800\NewDesignFT800\NewDesign_Code\mikroC PRO for DSPIC\" -IP"C:\Users\tic27\Desktop\DC_tim624\NewDesignFT800\NewDesignFT800\NewDesign_Code\mikroC PRO for DSPIC\" -IP"C:\Users\tic27\Desktop\DC_tim626\NewDesignFT800\NewDesignFT800\NewDesign_Code\mikroC PRO for DSPIC\" -IP"C:\Users\tic27\Desktop\DC_tim708backuplazer\NewDesignFT800\NewDesignFT800\NewDesign_Code\mikroC PRO for DSPIC\" "smp.c" "__Lib_Math.mcl" "__Lib_MathDouble.mcl" "__Lib_System.mcl" "__Lib_Delays.mcl" "__Lib_CType.mcl" "__Lib_CString.mcl" "__Lib_CStdlib.mcl" "__Lib_CMath.mcl" "__Lib_Conversions.mcl" "__Lib_ADC_12_p33EP.mcl" "__Lib_PWM_P24EPxxxGP_GU_81x_P33EPxxxGP_MC_MU_8xx.mcl" "__Lib_SPI_123_p24fj.mcl" "__Lib_UART_1234_p24_p33.mcl" "__Lib_PPS_p33EP512MU810.mcl"	 
warning: 0	1501	Specified search path does not exist: 'C:\Users\tic27\Desktop\DC_tim626\NewDesignFT800\NewDesignFT800\NewDesign_Code\mikroC PRO for DSPIC'	 
warning: 0	1501	Specified search path does not exist: 'C:\Users\tic27\Desktop\DC_tim624\NewDesignFT800\NewDesignFT800\NewDesign_Code\mikroC PRO for DSPIC'	 
warning: 0	1501	Specified search path does not exist: 'C:\Users\tic27\Desktop\DC_tim618\NewDesignFT800\NewDesignFT800\NewDesign_Code\mikroC PRO for DSPIC'	 
warning: 0	1501	Specified search path does not exist: 'C:\Users\tic27\Desktop\DC_tim613\NewDesignFT800\NewDesignFT800\NewDesign_Code\mikroC PRO for DSPIC'	 
warning: 0	1501	Specified search path does not exist: 'C:\Users\tic27\Desktop\DC_tim612\NewDesignFT800\NewDesignFT800\NewDesign_Code\mikroC PRO for DSPIC'	 
warning: 0	1501	Specified search path does not exist: 'C:\Users\Public\Documents\Mikroelektronika\Visual TFT\DC_tim603\NewDesignFT800\NewDesignFT800\NewDesign_Code\mikroC PRO for DSPIC'	 
warning: 0	1501	Specified search path does not exist: 'C:\Users\tic27\Desktop\DC_tim520\NewDesignFT800\NewDesignFT800\NewDesign_Code\mikroC PRO for DSPIC'	 
warning: 0	1501	Specified search path does not exist: 'C:\Users\ipm4\Desktop\PathMeT_code\2014_ian\0429_tim\NewDesignFT800\NewDesignFT800\NewDesign_Code\mikroC PRO for DSPIC'	 
warning: 0	1501	Specified search path does not exist: 'C:\Users\ipm4\Desktop\PathMeT_code\2014_ian\0424\NewDesignFT800\NewDesignFT800\NewDesign_Code\mikroC PRO for DSPIC'	 
warning: 0	1501	Specified search path does not exist: 'C:\Users\ipm4\Desktop\PathMeT_code\2014_ian\0415\NewDesignFT800\NewDesignFT800\NewDesign_Code\mikroC PRO for DSPIC'	 
warning: 0	1501	Specified search path does not exist: 'C:\Users\ipm4\Desktop\PathMeT_code\2014_ian\0407\NewDesignFT800\NewDesignFT800\NewDesign_Code\mikroC PRO for DSPIC'	 
warning: 0	1501	Specified search path does not exist: 'C:\Users\ipm4\Desktop\PathMeT_code\2014_ian\0127\NewDesignFT800\NewDesignFT800\NewDesign_Code\mikroC PRO for DSPIC'	 
warning: 0	1501	Specified search path does not exist: 'C:\Users\ipm4\Desktop\latest_code_01062014\2014_ian\0122\NewDesignFT800\NewDesignFT800\NewDesign_Code\mikroC PRO for DSPIC'	 
warning: 0	1501	Specified search path does not exist: 'C:\Users\ipm4\Desktop\latest_code_01062014\0121\NewDesignFT800\NewDesignFT800\NewDesign_Code\mikroC PRO for DSPIC'	 
warning: 0	1501	Specified search path does not exist: 'C:\Users\ipm4\Desktop\latest_code_01062014\0117\NewDesignFT800\NewDesignFT800\NewDesign_Code\mikroC PRO for DSPIC'	 
warning: 0	1501	Specified search path does not exist: 'C:\Users\ipm4\Desktop\latest_code_01062014\1210\NewDesignFT800\NewDesignFT800\NewDesign_Code\mikroC PRO for DSPIC'	 
warning: 0	1502	Specified include path does not exist: 'C:\Users\ipm4\Desktop\latest_code_01062014\1210\NewDesignFT800\NewDesignFT800\NewDesign_Code\mikroC PRO for DSPIC'	 
warning: 0	1502	Specified include path does not exist: 'C:\Users\ipm4\Desktop\latest_code_01062014\0117\NewDesignFT800\NewDesignFT800\NewDesign_Code\mikroC PRO for DSPIC'	 
warning: 0	1502	Specified include path does not exist: 'C:\Users\ipm4\Desktop\latest_code_01062014\0121\NewDesignFT800\NewDesignFT800\NewDesign_Code\mikroC PRO for DSPIC'	 
warning: 0	1502	Specified include path does not exist: 'C:\Users\ipm4\Desktop\latest_code_01062014\2014_ian\0122\NewDesignFT800\NewDesignFT800\NewDesign_Code\mikroC PRO for DSPIC'	 
warning: 0	1502	Specified include path does not exist: 'C:\Users\ipm4\Desktop\PathMeT_code\2014_ian\0127\NewDesignFT800\NewDesignFT800\NewDesign_Code\mikroC PRO for DSPIC'	 
warning: 0	1502	Specified include path does not exist: 'C:\Users\ipm4\Desktop\PathMeT_code\2014_ian\0407\NewDesignFT800\NewDesignFT800\NewDesign_Code\mikroC PRO for DSPIC'	 
warning: 0	1502	Specified include path does not exist: 'C:\Users\ipm4\Desktop\PathMeT_code\2014_ian\0415\NewDesignFT800\NewDesignFT800\NewDesign_Code\mikroC PRO for DSPIC'	 
warning: 0	1502	Specified include path does not exist: 'C:\Users\ipm4\Desktop\PathMeT_code\2014_ian\0424\NewDesignFT800\NewDesignFT800\NewDesign_Code\mikroC PRO for DSPIC'	 
warning: 0	1502	Specified include path does not exist: 'C:\Users\ipm4\Desktop\PathMeT_code\2014_ian\0429_tim\NewDesignFT800\NewDesignFT800\NewDesign_Code\mikroC PRO for DSPIC'	 
warning: 0	1502	Specified include path does not exist: 'C:\Users\tic27\Desktop\DC_tim520\NewDesignFT800\NewDesignFT800\NewDesign_Code\mikroC PRO for DSPIC'	 
warning: 0	1502	Specified include path does not exist: 'C:\Users\Public\Documents\Mikroelektronika\Visual TFT\DC_tim603\NewDesignFT800\NewDesignFT800\NewDesign_Code\mikroC PRO for DSPIC'	 
warning: 0	1502	Specified include path does not exist: 'C:\Users\tic27\Desktop\DC_tim612\NewDesignFT800\NewDesignFT800\NewDesign_Code\mikroC PRO for DSPIC'	 
warning: 0	1502	Specified include path does not exist: 'C:\Users\tic27\Desktop\DC_tim613\NewDesignFT800\NewDesignFT800\NewDesign_Code\mikroC PRO for DSPIC'	 
warning: 0	1502	Specified include path does not exist: 'C:\Users\tic27\Desktop\DC_tim618\NewDesignFT800\NewDesignFT800\NewDesign_Code\mikroC PRO for DSPIC'	 
warning: 0	1502	Specified include path does not exist: 'C:\Users\tic27\Desktop\DC_tim624\NewDesignFT800\NewDesignFT800\NewDesign_Code\mikroC PRO for DSPIC'	 
warning: 0	1502	Specified include path does not exist: 'C:\Users\tic27\Desktop\DC_tim626\NewDesignFT800\NewDesignFT800\NewDesign_Code\mikroC PRO for DSPIC'	 
diagnostics: 0	121	Loading...	 
diagnostics: 0	126	All files Preprocessed in 32 ms	 
diagnostics: 0	122	Compilation Started	smpfunctionheader.h
hint: 0	1004	interrupt handler (Timer1Interrupt at 0x001A)	smp.c
hint: 0	1004	interrupt handler (BufferChipInterrupt at 0x002A)	smp.c
hint: 0	1004	interrupt handler (ScreenChipInterrupt at 0x0050)	smp.c
hint: 0	1004	interrupt handler (LazInterrupt at 0x00B8)	smp.c
hint: 0	1004	interrupt handler (DOFInterrupt at 0x00C4)	smp.c
hint: 487	1163	Variable 'temp' has been declared, but not used	smp.c
diagnostics: 559	123	Compiled Successfully	smp.c
diagnostics: 0	127	All files Compiled in 499 ms	 
hint: 0	1144	Used RX (bytes): 32 (100%)   Free RX (bytes): 0 (0%)	Used RX (bytes): 32 (100%)   Free RX (bytes): 0 (0%)
hint: 0	1144	Static RAM (bytes): 105   Dynamic RAM (bytes): 28566	Static RAM (bytes): 105   Dynamic RAM (bytes): 28566
hint: 0	1144	Used ROM (bytes): 7873 (2%)  Free ROM (bytes): 342335 (98%)	Used ROM (bytes): 7873 (2%)  Free ROM (bytes): 342335 (98%)
diagnostics: 0	125	Project Linked Successfully	smp.mcpds
hint: 0	1004	COFF file successfully generated	COFF file successfully generated
diagnostics: 0	128	Linked in 5694 ms	 
diagnostics: 0	129	Project 'smp.mcpds' completed: 7894 ms	 
diagnostics: 0	103	Finished successfully: 08 Jul 2014, 15:01:32	smp.mcpds
